<?xml version="1.0" encoding="UTF-8"?>
<!-- Generated by org.testng.reporters.JUnitXMLReporter -->
<testsuite ignored="0" hostname="IN-PG0352RN" failures="0" tests="4" name="Default test" time="0.063" errors="0" timestamp="2024-05-10T16:53:36 IST">
  <testcase classname="testpackage.TestPr" name="atest1" time="0.009"/>
  <testcase classname="testpackage.TestPr" name="cctest1" time="0.002"/>
  <testcase classname="testpackage.TestPr" name="ctest1" time="0.001"/>
  <testcase classname="testpackage.TestPr" name="dtest1" time="0.002"/>
</testsuite> <!-- Default test -->
