<?xml version="1.0" encoding="UTF-8"?>
<!-- Generated by org.testng.reporters.JUnitXMLReporter -->
<testsuite ignored="0" hostname="IN-PG0352RN" failures="0" tests="5" name="Test" time="0.04" errors="0" timestamp="2024-06-13T22:56:03 IST">
  <testcase classname="testpackage.TestClass" name="printName" time="0.003"/>
  <testcase classname="testpackage.TestPr" name="atest1" time="0.0"/>
  <testcase classname="testpackage.TestPr" name="cctest1" time="0.001"/>
  <testcase classname="testpackage.TestPr" name="ctest1" time="0.0"/>
  <testcase classname="testpackage.TestPr" name="dtest1" time="0.0"/>
</testsuite> <!-- Test -->
