<?xml version="1.0" encoding="UTF-8"?>
<testng-results ignored="0" total="1" passed="1" failed="0" skipped="0">
  <reporter-output>
  </reporter-output>
  <suite started-at="2024-04-19T15:53:19 IST" name="Suite" finished-at="2024-04-19T15:53:19 IST" duration-ms="34">
    <groups>
    </groups>
    <test started-at="2024-04-19T15:53:19 IST" name="Test" finished-at="2024-04-19T15:53:19 IST" duration-ms="34">
      <class name="testpackage.TestClass">
        <test-method signature="printName()[pri:0, instance:testpackage.TestClass@48ae9b55]" started-at="2024-04-19T15:53:19 IST" name="printName" finished-at="2024-04-19T15:53:19 IST" duration-ms="0" status="PASS">
          <reporter-output>
          </reporter-output>
        </test-method> <!-- printName -->
      </class> <!-- testpackage.TestClass -->
    </test> <!-- Test -->
  </suite> <!-- Suite -->
</testng-results>
