<?xml version="1.0" encoding="UTF-8"?>
<testng-results ignored="0" total="4" passed="4" failed="0" skipped="0">
  <reporter-output>
  </reporter-output>
  <suite started-at="2024-05-10T16:53:36 IST" name="Default suite" finished-at="2024-05-10T16:53:36 IST" duration-ms="63">
    <groups>
    </groups>
    <test started-at="2024-05-10T16:53:36 IST" name="Default test" finished-at="2024-05-10T16:53:36 IST" duration-ms="63">
      <class name="testpackage.TestPr">
        <test-method signature="atest1()[pri:0, instance:testpackage.TestPr@28eaa59a]" started-at="2024-05-10T16:53:36 IST" name="atest1" finished-at="2024-05-10T16:53:36 IST" duration-ms="9" status="PASS">
          <reporter-output>
          </reporter-output>
        </test-method> <!-- atest1 -->
        <test-method signature="cctest1()[pri:0, instance:testpackage.TestPr@28eaa59a]" started-at="2024-05-10T16:53:36 IST" name="cctest1" finished-at="2024-05-10T16:53:36 IST" duration-ms="2" status="PASS">
          <reporter-output>
          </reporter-output>
        </test-method> <!-- cctest1 -->
        <test-method signature="ctest1()[pri:1, instance:testpackage.TestPr@28eaa59a]" started-at="2024-05-10T16:53:36 IST" name="ctest1" finished-at="2024-05-10T16:53:36 IST" duration-ms="1" status="PASS">
          <reporter-output>
          </reporter-output>
        </test-method> <!-- ctest1 -->
        <test-method signature="dtest1()[pri:4, instance:testpackage.TestPr@28eaa59a]" started-at="2024-05-10T16:53:36 IST" name="dtest1" finished-at="2024-05-10T16:53:36 IST" duration-ms="2" status="PASS">
          <reporter-output>
          </reporter-output>
        </test-method> <!-- dtest1 -->
      </class> <!-- testpackage.TestPr -->
    </test> <!-- Default test -->
  </suite> <!-- Default suite -->
</testng-results>
