<?xml version="1.0" encoding="UTF-8"?>
<testng-results ignored="0" total="5" passed="5" failed="0" skipped="0">
  <reporter-output>
  </reporter-output>
  <suite started-at="2024-06-21T14:54:40 IST" name="Suite" finished-at="2024-06-21T14:54:40 IST" duration-ms="45">
    <groups>
    </groups>
    <test started-at="2024-06-21T14:54:40 IST" name="Test" finished-at="2024-06-21T14:54:40 IST" duration-ms="45">
      <class name="testpackage.TestClass">
        <test-method signature="printName()[pri:0, instance:testpackage.TestClass@647e447]" started-at="2024-06-21T14:54:40 IST" name="printName" finished-at="2024-06-21T14:54:40 IST" duration-ms="6" status="PASS">
          <reporter-output>
          </reporter-output>
        </test-method> <!-- printName -->
      </class> <!-- testpackage.TestClass -->
      <class name="testpackage.TestPr">
        <test-method signature="atest1()[pri:0, instance:testpackage.TestPr@20deea7f]" started-at="2024-06-21T14:54:40 IST" name="atest1" finished-at="2024-06-21T14:54:40 IST" duration-ms="1" status="PASS">
          <reporter-output>
          </reporter-output>
        </test-method> <!-- atest1 -->
        <test-method signature="cctest1()[pri:0, instance:testpackage.TestPr@20deea7f]" started-at="2024-06-21T14:54:40 IST" name="cctest1" finished-at="2024-06-21T14:54:40 IST" duration-ms="0" status="PASS">
          <reporter-output>
          </reporter-output>
        </test-method> <!-- cctest1 -->
        <test-method signature="ctest1()[pri:1, instance:testpackage.TestPr@20deea7f]" started-at="2024-06-21T14:54:40 IST" name="ctest1" finished-at="2024-06-21T14:54:40 IST" duration-ms="0" status="PASS">
          <reporter-output>
          </reporter-output>
        </test-method> <!-- ctest1 -->
        <test-method signature="dtest1()[pri:4, instance:testpackage.TestPr@20deea7f]" started-at="2024-06-21T14:54:40 IST" name="dtest1" finished-at="2024-06-21T14:54:40 IST" duration-ms="1" status="PASS">
          <reporter-output>
          </reporter-output>
        </test-method> <!-- dtest1 -->
      </class> <!-- testpackage.TestPr -->
    </test> <!-- Test -->
  </suite> <!-- Suite -->
</testng-results>
